[debug] [2024-01-05T08:29:57.201Z] ----------------------------------------------------------------------
[debug] [2024-01-05T08:29:57.203Z] Command:       C:\Program Files\nodejs\node.exe C:\Users\Quang\AppData\Roaming\npm\node_modules\firebase-tools\lib\bin\firebase.js init
[debug] [2024-01-05T08:29:57.203Z] CLI Version:   9.17.0
[debug] [2024-01-05T08:29:57.204Z] Platform:      win32
[debug] [2024-01-05T08:29:57.204Z] Node Version:  v16.18.1
[debug] [2024-01-05T08:29:57.204Z] Time:          Fri Jan 05 2024 15:29:57 GMT+0700 (Indochina Time)
[debug] [2024-01-05T08:29:57.204Z] ----------------------------------------------------------------------
[debug] 
[debug] [2024-01-05T08:29:57.210Z] > command requires scopes: ["email","openid","https://www.googleapis.com/auth/cloudplatformprojects.readonly","https://www.googleapis.com/auth/firebase","https://www.googleapis.com/auth/cloud-platform"]
[debug] [2024-01-05T08:29:57.211Z] > authorizing via signed-in user (hynoras1@gmail.com)
[info] 
     ######## #### ########  ######## ########     ###     ######  ########
     ##        ##  ##     ## ##       ##     ##  ##   ##  ##       ##
     ######    ##  ########  ######   ########  #########  ######  ######
     ##        ##  ##    ##  ##       ##     ## ##     ##       ## ##
     ##       #### ##     ## ######## ########  ##     ##  ######  ########

You're about to initialize a Firebase project in this directory:

  C:\Users\Quang\Documents\quachvinhquang\1st-semester_2023-2024\Web_App_Development\Practice\Lab6\Lab6-Web\frontend\exercise1

[info] 
=== Project Setup
[info] 
[info] First, let's associate this project directory with a Firebase project.
[info] You can create multiple project aliases by running firebase use --add, 
[info] but for now we'll just set up a default project.
[info] 
[debug] [2024-01-05T08:30:16.424Z] > refreshing access token with scopes: []
[debug] [2024-01-05T08:30:16.425Z] >>> HTTP REQUEST POST https://www.googleapis.com/oauth2/v3/token  
 <request body omitted>
[debug] [2024-01-05T08:30:16.624Z] <<< HTTP RESPONSE 200 {"cache-control":"no-cache, no-store, max-age=0, must-revalidate","pragma":"no-cache","date":"Fri, 05 Jan 2024 08:30:16 GMT","expires":"Mon, 01 Jan 1990 00:00:00 GMT","content-type":"application/json; charset=utf-8","vary":"X-Origin, Referer, Origin,Accept-Encoding","server":"scaffolding on HTTPServer2","x-xss-protection":"0","x-frame-options":"SAMEORIGIN","x-content-type-options":"nosniff","alt-svc":"h3=\":443\"; ma=2592000,h3-29=\":443\"; ma=2592000","accept-ranges":"none","transfer-encoding":"chunked"}
[debug] [2024-01-05T08:30:16.644Z] >>> [apiv2][query] GET https://firebase.googleapis.com/v1beta1/projects pageSize=100
[debug] [2024-01-05T08:30:17.280Z] <<< [apiv2][status] GET https://firebase.googleapis.com/v1beta1/projects 200
[debug] [2024-01-05T08:30:17.280Z] <<< [apiv2][body] GET https://firebase.googleapis.com/v1beta1/projects [omitted]
[info] i  Using project lab6-anhkhiem (Lab6-anhKhiem) 
[info] 
=== Hosting Setup
[info] 
[info] Your public directory is the folder (relative to your project directory) that
[info] will contain Hosting assets to be uploaded with firebase deploy. If you
[info] have a build process for your assets, use your build's output directory.
[info] 
[debug] [2024-01-05T08:30:50.205Z] >>> [apiv2][query] GET https://www.gstatic.com/firebasejs/releases.json [none]
[debug] [2024-01-05T08:30:50.353Z] <<< [apiv2][status] GET https://www.gstatic.com/firebasejs/releases.json 200
[debug] [2024-01-05T08:30:50.353Z] <<< [apiv2][body] GET https://www.gstatic.com/firebasejs/releases.json {"current":{"version":"10.7.1","browserURL":"https://www.gstatic.com/firebasejs/10.7.1/firebase.js","packageURL":"https://www.gstatic.com/firebasejs/10.7.1/firebase.tgz"},"live":{"version":"10.7","browserURL":"https://www.gstatic.com/firebasejs/live/10.7/firebase.js","packageURL":"https://www.gstatic.com/firebasejs/live/10.7/firebase.tgz"},"components":{"analytics":"https://www.gstatic.com/firebasejs/10.7.1/firebase-analytics.js","app":"https://www.gstatic.com/firebasejs/10.7.1/firebase-app.js","app-check":"https://www.gstatic.com/firebasejs/10.7.1/firebase-app-check.js","auth":"https://www.gstatic.com/firebasejs/10.7.1/firebase-auth.js","auth/cordova":"https://www.gstatic.com/firebasejs/10.7.1/firebase-auth/cordova.js","functions":"https://www.gstatic.com/firebasejs/10.7.1/firebase-functions.js","firestore":"https://www.gstatic.com/firebasejs/10.7.1/firebase-firestore.js","firestore/lite":"https://www.gstatic.com/firebasejs/10.7.1/firebase-firestore/lite.js","installations":"https://www.gstatic.com/firebasejs/10.7.1/firebase-installations.js","storage":"https://www.gstatic.com/firebasejs/10.7.1/firebase-storage.js","performance":"https://www.gstatic.com/firebasejs/10.7.1/firebase-performance.js","remote-config":"https://www.gstatic.com/firebasejs/10.7.1/firebase-remote-config.js","messaging":"https://www.gstatic.com/firebasejs/10.7.1/firebase-messaging.js","messaging/sw":"https://www.gstatic.com/firebasejs/10.7.1/firebase-messaging/sw.js","database":"https://www.gstatic.com/firebasejs/10.7.1/firebase-database.js","firestore.memory":"https://www.gstatic.com/firebasejs/10.7.1/firebase-firestore.memory.js"}}
[info] i  Skipping write of public/index.html 
[info] 
[info] i  Detected a .git folder at C:\Users\Quang\Documents\quachvinhquang\1st-semester_2023-2024\Web_App_Development\Practice\Lab6\Lab6-Web 
[info] i  Authorizing with GitHub to upload your service account to a GitHub repository's secrets store. 
[info] 
[info] Visit this URL on this device to log in:
[info] https://github.com/login/oauth/authorize?client_id=89cf50f02ac6aaed3484&state=390824708&redirect_uri=http%3A%2F%2Flocalhost%3A9005&scope=read%3Auser%20repo%20public_repo
[info] 
[info] Waiting for authentication...
[debug] [2024-01-05T08:31:06.741Z] >>> HTTP REQUEST POST https://github.com/login/oauth/access_token  
 {"client_id":"89cf50f02ac6aaed3484","client_secret":"3330d14abc895d9a74d5f17cd7a00711fa2c5bf0","code":"e04a97daf2f736445185","redirect_uri":"http://localhost:9005","state":"390824708"}
[debug] [2024-01-05T08:31:07.319Z] <<< HTTP RESPONSE 200 {"server":"GitHub.com","date":"Fri, 05 Jan 2024 08:31:07 GMT","content-type":"application/json; charset=utf-8","transfer-encoding":"chunked","vary":"X-PJAX, X-PJAX-Container, Turbo-Visit, Turbo-Frame, Accept-Encoding, Accept, X-Requested-With","etag":"W/\"0257a967570555046390073be3c9df0f\"","cache-control":"max-age=0, private, must-revalidate","strict-transport-security":"max-age=31536000; includeSubdomains; preload","x-frame-options":"deny","x-content-type-options":"nosniff","x-xss-protection":"0","referrer-policy":"origin-when-cross-origin, strict-origin-when-cross-origin","content-security-policy":"default-src 'none'; base-uri 'self'; child-src github.com/assets-cdn/worker/ gist.github.com/assets-cdn/worker/; connect-src 'self' uploads.github.com www.githubstatus.com collector.github.com raw.githubusercontent.com api.github.com github-cloud.s3.amazonaws.com github-production-repository-file-5c1aeb.s3.amazonaws.com github-production-upload-manifest-file-7fdce7.s3.amazonaws.com github-production-user-asset-6210df.s3.amazonaws.com cdn.optimizely.com logx.optimizely.com/v1/events api.githubcopilot.com objects-origin.githubusercontent.com *.actions.githubusercontent.com wss://*.actions.githubusercontent.com productionresultssa0.blob.core.windows.net/ productionresultssa1.blob.core.windows.net/ productionresultssa2.blob.core.windows.net/ productionresultssa3.blob.core.windows.net/ productionresultssa4.blob.core.windows.net/ productionresultssa5.blob.core.windows.net/ productionresultssa6.blob.core.windows.net/ productionresultssa7.blob.core.windows.net/ productionresultssa8.blob.core.windows.net/ productionresultssa9.blob.core.windows.net/ github-production-repository-image-32fea6.s3.amazonaws.com github-production-release-asset-2e65be.s3.amazonaws.com insights.github.com wss://alive.github.com; font-src github.githubassets.com; form-action 'self' github.com gist.github.com objects-origin.githubusercontent.com; frame-ancestors 'none'; frame-src viewscreen.githubusercontent.com notebooks.githubusercontent.com support.github.com; img-src 'self' data: github.githubassets.com media.githubusercontent.com camo.githubusercontent.com identicons.github.com avatars.githubusercontent.com github-cloud.s3.amazonaws.com objects.githubusercontent.com secured-user-images.githubusercontent.com/ user-images.githubusercontent.com/ private-user-images.githubusercontent.com opengraph.githubassets.com github-production-user-asset-6210df.s3.amazonaws.com customer-stories-feed.github.com spotlights-feed.github.com objects-origin.githubusercontent.com *.githubusercontent.com; manifest-src 'self'; media-src github.com user-images.githubusercontent.com/ secured-user-images.githubusercontent.com/ private-user-images.githubusercontent.com github-production-user-asset-6210df.s3.amazonaws.com gist.github.com; script-src github.githubassets.com; style-src 'unsafe-inline' github.githubassets.com; upgrade-insecure-requests; worker-src github.com/assets-cdn/worker/ gist.github.com/assets-cdn/worker/","x-github-request-id":"0516:343773:3253EC7:357909A:6597BE4A"}
[debug] [2024-01-05T08:31:07.332Z] >>> [apiv2][query] GET https://api.github.com/user [none]
[debug] [2024-01-05T08:31:07.847Z] <<< [apiv2][status] GET https://api.github.com/user 200
[debug] [2024-01-05T08:31:07.847Z] <<< [apiv2][body] GET https://api.github.com/user {"login":"hynoras","id":107240917,"node_id":"U_kgDOBmRd1Q","avatar_url":"https://avatars.githubusercontent.com/u/107240917?v=4","gravatar_id":"","url":"https://api.github.com/users/hynoras","html_url":"https://github.com/hynoras","followers_url":"https://api.github.com/users/hynoras/followers","following_url":"https://api.github.com/users/hynoras/following{/other_user}","gists_url":"https://api.github.com/users/hynoras/gists{/gist_id}","starred_url":"https://api.github.com/users/hynoras/starred{/owner}{/repo}","subscriptions_url":"https://api.github.com/users/hynoras/subscriptions","organizations_url":"https://api.github.com/users/hynoras/orgs","repos_url":"https://api.github.com/users/hynoras/repos","events_url":"https://api.github.com/users/hynoras/events{/privacy}","received_events_url":"https://api.github.com/users/hynoras/received_events","type":"User","site_admin":false,"name":"Quách Vinh Quang","company":null,"blog":"","location":null,"email":null,"hireable":null,"bio":null,"twitter_username":null,"public_repos":8,"public_gists":1,"followers":0,"following":0,"created_at":"2022-06-10T06:49:07Z","updated_at":"2023-11-09T06:04:06Z","private_gists":2,"total_private_repos":6,"owned_private_repos":6,"disk_usage":91741,"collaborators":0,"two_factor_authentication":false,"plan":{"name":"free","space":976562499,"collaborators":0,"private_repos":10000}}
[info] 
[info] +  Success! Logged into GitHub as hynoras 
[info] 
[debug] [2024-01-05T08:32:18.071Z] >>> [apiv2][query] GET https://api.github.com/repos/hynoras/Lab6_Web/actions/secrets/public-key type=owner
[debug] [2024-01-05T08:32:18.491Z] <<< [apiv2][status] GET https://api.github.com/repos/hynoras/Lab6_Web/actions/secrets/public-key 404
[debug] [2024-01-05T08:32:18.491Z] <<< [apiv2][body] GET https://api.github.com/repos/hynoras/Lab6_Web/actions/secrets/public-key {"message":"Not Found","documentation_url":"https://docs.github.com/rest/actions/secrets#get-a-repository-public-key"}
[debug] [2024-01-05T08:32:27.992Z] >>> [apiv2][query] GET https://api.github.com/repos/hynoras/Lab6_Web/actions/secrets/public-key type=owner
[debug] [2024-01-05T08:32:28.428Z] <<< [apiv2][status] GET https://api.github.com/repos/hynoras/Lab6_Web/actions/secrets/public-key 404
[debug] [2024-01-05T08:32:28.428Z] <<< [apiv2][body] GET https://api.github.com/repos/hynoras/Lab6_Web/actions/secrets/public-key {"message":"Not Found","documentation_url":"https://docs.github.com/rest/actions/secrets#get-a-repository-public-key"}
[debug] [2024-01-05T08:32:32.964Z] >>> [apiv2][query] GET https://api.github.com/repos//actions/secrets/public-key type=owner
[debug] [2024-01-05T08:32:33.382Z] <<< [apiv2][status] GET https://api.github.com/repos//actions/secrets/public-key 404
[debug] [2024-01-05T08:32:33.382Z] <<< [apiv2][body] GET https://api.github.com/repos//actions/secrets/public-key {"message":"Not Found","documentation_url":"https://docs.github.com/rest"}
[debug] [2024-01-05T08:32:48.042Z] >>> [apiv2][query] GET https://api.github.com/repos/Lab6_Web/actions/secrets/public-key type=owner
[debug] [2024-01-05T08:32:48.461Z] <<< [apiv2][status] GET https://api.github.com/repos/Lab6_Web/actions/secrets/public-key 404
[debug] [2024-01-05T08:32:48.461Z] <<< [apiv2][body] GET https://api.github.com/repos/Lab6_Web/actions/secrets/public-key {"message":"Not Found","documentation_url":"https://docs.github.com/rest"}
[debug] [2024-01-05T08:32:49.583Z] >>> [apiv2][query] GET https://api.github.com/repos//actions/secrets/public-key type=owner
[debug] [2024-01-05T08:32:49.890Z] >>> [apiv2][query] GET https://api.github.com/repos//actions/secrets/public-key type=owner
[debug] [2024-01-05T08:32:49.976Z] <<< [apiv2][status] GET https://api.github.com/repos//actions/secrets/public-key 404
[debug] [2024-01-05T08:32:49.976Z] <<< [apiv2][body] GET https://api.github.com/repos//actions/secrets/public-key {"message":"Not Found","documentation_url":"https://docs.github.com/rest"}
[debug] [2024-01-05T08:32:50.066Z] >>> [apiv2][query] GET https://api.github.com/repos//actions/secrets/public-key type=owner
[debug] [2024-01-05T08:32:50.288Z] <<< [apiv2][status] GET https://api.github.com/repos//actions/secrets/public-key 404
[debug] [2024-01-05T08:32:50.288Z] <<< [apiv2][body] GET https://api.github.com/repos//actions/secrets/public-key {"message":"Not Found","documentation_url":"https://docs.github.com/rest"}
[debug] [2024-01-05T08:32:50.460Z] <<< [apiv2][status] GET https://api.github.com/repos//actions/secrets/public-key 404
[debug] [2024-01-05T08:32:50.460Z] <<< [apiv2][body] GET https://api.github.com/repos//actions/secrets/public-key {"message":"Not Found","documentation_url":"https://docs.github.com/rest"}
[debug] [2024-01-05T08:33:32.114Z] ----------------------------------------------------------------------
[debug] [2024-01-05T08:33:32.115Z] Command:       C:\Program Files\nodejs\node.exe C:\Users\Quang\AppData\Roaming\npm\node_modules\firebase-tools\lib\bin\firebase.js init
[debug] [2024-01-05T08:33:32.116Z] CLI Version:   9.17.0
[debug] [2024-01-05T08:33:32.116Z] Platform:      win32
[debug] [2024-01-05T08:33:32.116Z] Node Version:  v16.18.1
[debug] [2024-01-05T08:33:32.117Z] Time:          Fri Jan 05 2024 15:33:32 GMT+0700 (Indochina Time)
[debug] [2024-01-05T08:33:32.117Z] ----------------------------------------------------------------------
[debug] 
[debug] [2024-01-05T08:33:32.124Z] > command requires scopes: ["email","openid","https://www.googleapis.com/auth/cloudplatformprojects.readonly","https://www.googleapis.com/auth/firebase","https://www.googleapis.com/auth/cloud-platform"]
[debug] [2024-01-05T08:33:32.125Z] > authorizing via signed-in user (hynoras1@gmail.com)
[info] 
     ######## #### ########  ######## ########     ###     ######  ########
     ##        ##  ##     ## ##       ##     ##  ##   ##  ##       ##
     ######    ##  ########  ######   ########  #########  ######  ######
     ##        ##  ##    ##  ##       ##     ## ##     ##       ## ##
     ##       #### ##     ## ######## ########  ##     ##  ######  ########

You're about to initialize a Firebase project in this directory:

  C:\Users\Quang\Documents\quachvinhquang\1st-semester_2023-2024\Web_App_Development\Practice\Lab6\Lab6-Web\frontend\exercise1

[info] 
=== Project Setup
[info] 
[info] First, let's associate this project directory with a Firebase project.
[info] You can create multiple project aliases by running firebase use --add, 
[info] but for now we'll just set up a default project.
[info] 
[debug] [2024-01-05T08:33:45.694Z] >>> [apiv2][query] GET https://firebase.googleapis.com/v1beta1/projects pageSize=100
[debug] [2024-01-05T08:33:46.372Z] <<< [apiv2][status] GET https://firebase.googleapis.com/v1beta1/projects 200
[debug] [2024-01-05T08:33:46.372Z] <<< [apiv2][body] GET https://firebase.googleapis.com/v1beta1/projects [omitted]
[info] i  Using project lab6-anhkhiem (Lab6-anhKhiem) 
[info] 
=== Hosting:github Setup
[info] 
[info] i  Detected a .git folder at C:\Users\Quang\Documents\quachvinhquang\1st-semester_2023-2024\Web_App_Development\Practice\Lab6\Lab6-Web 
[info] i  Authorizing with GitHub to upload your service account to a GitHub repository's secrets store. 
[info] 
[info] Visit this URL on this device to log in:
[info] https://github.com/login/oauth/authorize?client_id=89cf50f02ac6aaed3484&state=152156254&redirect_uri=http%3A%2F%2Flocalhost%3A9005&scope=read%3Auser%20repo%20public_repo
[info] 
[info] Waiting for authentication...
[debug] [2024-01-05T08:33:48.018Z] >>> HTTP REQUEST POST https://github.com/login/oauth/access_token  
 {"client_id":"89cf50f02ac6aaed3484","client_secret":"3330d14abc895d9a74d5f17cd7a00711fa2c5bf0","code":"df8de818a206274529fd","redirect_uri":"http://localhost:9005","state":"152156254"}
[debug] [2024-01-05T08:33:48.480Z] <<< HTTP RESPONSE 200 {"server":"GitHub.com","date":"Fri, 05 Jan 2024 08:33:48 GMT","content-type":"application/json; charset=utf-8","transfer-encoding":"chunked","vary":"X-PJAX, X-PJAX-Container, Turbo-Visit, Turbo-Frame, Accept-Encoding, Accept, X-Requested-With","etag":"W/\"5b2d7b2b2c756db6c460000b4026890d\"","cache-control":"max-age=0, private, must-revalidate","strict-transport-security":"max-age=31536000; includeSubdomains; preload","x-frame-options":"deny","x-content-type-options":"nosniff","x-xss-protection":"0","referrer-policy":"origin-when-cross-origin, strict-origin-when-cross-origin","content-security-policy":"default-src 'none'; base-uri 'self'; child-src github.com/assets-cdn/worker/ gist.github.com/assets-cdn/worker/; connect-src 'self' uploads.github.com www.githubstatus.com collector.github.com raw.githubusercontent.com api.github.com github-cloud.s3.amazonaws.com github-production-repository-file-5c1aeb.s3.amazonaws.com github-production-upload-manifest-file-7fdce7.s3.amazonaws.com github-production-user-asset-6210df.s3.amazonaws.com cdn.optimizely.com logx.optimizely.com/v1/events api.githubcopilot.com objects-origin.githubusercontent.com *.actions.githubusercontent.com wss://*.actions.githubusercontent.com productionresultssa0.blob.core.windows.net/ productionresultssa1.blob.core.windows.net/ productionresultssa2.blob.core.windows.net/ productionresultssa3.blob.core.windows.net/ productionresultssa4.blob.core.windows.net/ productionresultssa5.blob.core.windows.net/ productionresultssa6.blob.core.windows.net/ productionresultssa7.blob.core.windows.net/ productionresultssa8.blob.core.windows.net/ productionresultssa9.blob.core.windows.net/ github-production-repository-image-32fea6.s3.amazonaws.com github-production-release-asset-2e65be.s3.amazonaws.com insights.github.com wss://alive.github.com; font-src github.githubassets.com; form-action 'self' github.com gist.github.com objects-origin.githubusercontent.com; frame-ancestors 'none'; frame-src viewscreen.githubusercontent.com notebooks.githubusercontent.com support.github.com; img-src 'self' data: github.githubassets.com media.githubusercontent.com camo.githubusercontent.com identicons.github.com avatars.githubusercontent.com github-cloud.s3.amazonaws.com objects.githubusercontent.com secured-user-images.githubusercontent.com/ user-images.githubusercontent.com/ private-user-images.githubusercontent.com opengraph.githubassets.com github-production-user-asset-6210df.s3.amazonaws.com customer-stories-feed.github.com spotlights-feed.github.com objects-origin.githubusercontent.com *.githubusercontent.com; manifest-src 'self'; media-src github.com user-images.githubusercontent.com/ secured-user-images.githubusercontent.com/ private-user-images.githubusercontent.com github-production-user-asset-6210df.s3.amazonaws.com gist.github.com; script-src github.githubassets.com; style-src 'unsafe-inline' github.githubassets.com; upgrade-insecure-requests; worker-src github.com/assets-cdn/worker/ gist.github.com/assets-cdn/worker/","x-github-request-id":"5A23:1B6590:4A0C504:4DF6353:6597BEEC"}
[debug] [2024-01-05T08:33:48.483Z] >>> [apiv2][query] GET https://api.github.com/user [none]
[debug] [2024-01-05T08:33:49.006Z] <<< [apiv2][status] GET https://api.github.com/user 200
[debug] [2024-01-05T08:33:49.007Z] <<< [apiv2][body] GET https://api.github.com/user {"login":"hynoras","id":107240917,"node_id":"U_kgDOBmRd1Q","avatar_url":"https://avatars.githubusercontent.com/u/107240917?v=4","gravatar_id":"","url":"https://api.github.com/users/hynoras","html_url":"https://github.com/hynoras","followers_url":"https://api.github.com/users/hynoras/followers","following_url":"https://api.github.com/users/hynoras/following{/other_user}","gists_url":"https://api.github.com/users/hynoras/gists{/gist_id}","starred_url":"https://api.github.com/users/hynoras/starred{/owner}{/repo}","subscriptions_url":"https://api.github.com/users/hynoras/subscriptions","organizations_url":"https://api.github.com/users/hynoras/orgs","repos_url":"https://api.github.com/users/hynoras/repos","events_url":"https://api.github.com/users/hynoras/events{/privacy}","received_events_url":"https://api.github.com/users/hynoras/received_events","type":"User","site_admin":false,"name":"Quách Vinh Quang","company":null,"blog":"","location":null,"email":null,"hireable":null,"bio":null,"twitter_username":null,"public_repos":8,"public_gists":1,"followers":0,"following":0,"created_at":"2022-06-10T06:49:07Z","updated_at":"2023-11-09T06:04:06Z","private_gists":2,"total_private_repos":6,"owned_private_repos":6,"disk_usage":91741,"collaborators":0,"two_factor_authentication":false,"plan":{"name":"free","space":976562499,"collaborators":0,"private_repos":10000}}
[info] 
[info] +  Success! Logged into GitHub as hynoras 
[info] 
[debug] [2024-01-05T08:34:06.351Z] >>> [apiv2][query] GET https://api.github.com/repos/hynoras/Lab6_Web/actions/secrets/public-key type=owner
[debug] [2024-01-05T08:34:06.789Z] <<< [apiv2][status] GET https://api.github.com/repos/hynoras/Lab6_Web/actions/secrets/public-key 404
[debug] [2024-01-05T08:34:06.789Z] <<< [apiv2][body] GET https://api.github.com/repos/hynoras/Lab6_Web/actions/secrets/public-key {"message":"Not Found","documentation_url":"https://docs.github.com/rest/actions/secrets#get-a-repository-public-key"}
[debug] [2024-01-05T08:34:08.287Z] >>> [apiv2][query] GET https://api.github.com/repos/hynoras/Lab6_Web/actions/secrets/public-key type=owner
[debug] [2024-01-05T08:34:08.685Z] <<< [apiv2][status] GET https://api.github.com/repos/hynoras/Lab6_Web/actions/secrets/public-key 404
[debug] [2024-01-05T08:34:08.685Z] <<< [apiv2][body] GET https://api.github.com/repos/hynoras/Lab6_Web/actions/secrets/public-key {"message":"Not Found","documentation_url":"https://docs.github.com/rest/actions/secrets#get-a-repository-public-key"}
[debug] [2024-01-05T08:34:09.311Z] >>> [apiv2][query] GET https://api.github.com/repos/hynoras/Lab6_Web/actions/secrets/public-key type=owner
[debug] [2024-01-05T08:34:09.709Z] <<< [apiv2][status] GET https://api.github.com/repos/hynoras/Lab6_Web/actions/secrets/public-key 404
[debug] [2024-01-05T08:34:09.709Z] <<< [apiv2][body] GET https://api.github.com/repos/hynoras/Lab6_Web/actions/secrets/public-key {"message":"Not Found","documentation_url":"https://docs.github.com/rest/actions/secrets#get-a-repository-public-key"}
[debug] [2024-01-05T08:34:10.048Z] >>> [apiv2][query] GET https://api.github.com/repos/hynoras/Lab6_Web/actions/secrets/public-key type=owner
[debug] [2024-01-05T08:34:10.445Z] <<< [apiv2][status] GET https://api.github.com/repos/hynoras/Lab6_Web/actions/secrets/public-key 404
[debug] [2024-01-05T08:34:10.445Z] <<< [apiv2][body] GET https://api.github.com/repos/hynoras/Lab6_Web/actions/secrets/public-key {"message":"Not Found","documentation_url":"https://docs.github.com/rest/actions/secrets#get-a-repository-public-key"}
[debug] [2024-01-05T08:34:10.619Z] >>> [apiv2][query] GET https://api.github.com/repos/hynoras/Lab6_Web/actions/secrets/public-key type=owner
[debug] [2024-01-05T08:34:11.038Z] <<< [apiv2][status] GET https://api.github.com/repos/hynoras/Lab6_Web/actions/secrets/public-key 404
[debug] [2024-01-05T08:34:11.038Z] <<< [apiv2][body] GET https://api.github.com/repos/hynoras/Lab6_Web/actions/secrets/public-key {"message":"Not Found","documentation_url":"https://docs.github.com/rest/actions/secrets#get-a-repository-public-key"}
[debug] [2024-01-05T08:34:11.073Z] >>> [apiv2][query] GET https://api.github.com/repos/hynoras/Lab6_Web/actions/secrets/public-key type=owner
[debug] [2024-01-05T08:34:11.457Z] <<< [apiv2][status] GET https://api.github.com/repos/hynoras/Lab6_Web/actions/secrets/public-key 404
[debug] [2024-01-05T08:34:11.457Z] <<< [apiv2][body] GET https://api.github.com/repos/hynoras/Lab6_Web/actions/secrets/public-key {"message":"Not Found","documentation_url":"https://docs.github.com/rest/actions/secrets#get-a-repository-public-key"}
[debug] [2024-01-05T08:34:11.461Z] >>> [apiv2][query] GET https://api.github.com/repos/hynoras/Lab6_Web/actions/secrets/public-key type=owner
[debug] [2024-01-05T08:34:11.869Z] <<< [apiv2][status] GET https://api.github.com/repos/hynoras/Lab6_Web/actions/secrets/public-key 404
[debug] [2024-01-05T08:34:11.869Z] <<< [apiv2][body] GET https://api.github.com/repos/hynoras/Lab6_Web/actions/secrets/public-key {"message":"Not Found","documentation_url":"https://docs.github.com/rest/actions/secrets#get-a-repository-public-key"}
[debug] [2024-01-05T08:34:11.877Z] >>> [apiv2][query] GET https://api.github.com/repos/hynoras/Lab6_Web/actions/secrets/public-key type=owner
[debug] [2024-01-05T08:34:12.275Z] <<< [apiv2][status] GET https://api.github.com/repos/hynoras/Lab6_Web/actions/secrets/public-key 404
[debug] [2024-01-05T08:34:12.275Z] <<< [apiv2][body] GET https://api.github.com/repos/hynoras/Lab6_Web/actions/secrets/public-key {"message":"Not Found","documentation_url":"https://docs.github.com/rest/actions/secrets#get-a-repository-public-key"}
[debug] [2024-01-05T08:34:12.310Z] >>> [apiv2][query] GET https://api.github.com/repos/hynoras/Lab6_Web/actions/secrets/public-key type=owner
[debug] [2024-01-05T08:34:12.716Z] <<< [apiv2][status] GET https://api.github.com/repos/hynoras/Lab6_Web/actions/secrets/public-key 404
[debug] [2024-01-05T08:34:12.717Z] <<< [apiv2][body] GET https://api.github.com/repos/hynoras/Lab6_Web/actions/secrets/public-key {"message":"Not Found","documentation_url":"https://docs.github.com/rest/actions/secrets#get-a-repository-public-key"}
[debug] [2024-01-05T08:34:12.742Z] >>> [apiv2][query] GET https://api.github.com/repos/hynoras/Lab6_Web/actions/secrets/public-key type=owner
[debug] [2024-01-05T08:34:13.135Z] >>> [apiv2][query] GET https://api.github.com/repos/hynoras/Lab6_Web/actions/secrets/public-key type=owner
[debug] [2024-01-05T08:34:13.158Z] <<< [apiv2][status] GET https://api.github.com/repos/hynoras/Lab6_Web/actions/secrets/public-key 404
[debug] [2024-01-05T08:34:13.158Z] <<< [apiv2][body] GET https://api.github.com/repos/hynoras/Lab6_Web/actions/secrets/public-key {"message":"Not Found","documentation_url":"https://docs.github.com/rest/actions/secrets#get-a-repository-public-key"}
[debug] [2024-01-05T08:34:13.539Z] <<< [apiv2][status] GET https://api.github.com/repos/hynoras/Lab6_Web/actions/secrets/public-key 404
[debug] [2024-01-05T08:34:13.539Z] <<< [apiv2][body] GET https://api.github.com/repos/hynoras/Lab6_Web/actions/secrets/public-key {"message":"Not Found","documentation_url":"https://docs.github.com/rest/actions/secrets#get-a-repository-public-key"}
[debug] [2024-01-05T08:34:40.298Z] ----------------------------------------------------------------------
[debug] [2024-01-05T08:34:40.299Z] Command:       C:\Program Files\nodejs\node.exe C:\Users\Quang\AppData\Roaming\npm\node_modules\firebase-tools\lib\bin\firebase.js init
[debug] [2024-01-05T08:34:40.299Z] CLI Version:   9.17.0
[debug] [2024-01-05T08:34:40.300Z] Platform:      win32
[debug] [2024-01-05T08:34:40.300Z] Node Version:  v16.18.1
[debug] [2024-01-05T08:34:40.300Z] Time:          Fri Jan 05 2024 15:34:40 GMT+0700 (Indochina Time)
[debug] [2024-01-05T08:34:40.301Z] ----------------------------------------------------------------------
[debug] 
[debug] [2024-01-05T08:34:40.307Z] > command requires scopes: ["email","openid","https://www.googleapis.com/auth/cloudplatformprojects.readonly","https://www.googleapis.com/auth/firebase","https://www.googleapis.com/auth/cloud-platform"]
[debug] [2024-01-05T08:34:40.307Z] > authorizing via signed-in user (hynoras1@gmail.com)
[info] 
     ######## #### ########  ######## ########     ###     ######  ########
     ##        ##  ##     ## ##       ##     ##  ##   ##  ##       ##
     ######    ##  ########  ######   ########  #########  ######  ######
     ##        ##  ##    ##  ##       ##     ## ##     ##       ## ##
     ##       #### ##     ## ######## ########  ##     ##  ######  ########

You're about to initialize a Firebase project in this directory:

  C:\Users\Quang\Documents\quachvinhquang\1st-semester_2023-2024\Web_App_Development\Practice\Lab6\Lab6-Web\frontend\exercise1

